  Assembling Test.asm...
Test.asm(2): error A2008: syntax error : .
Test.asm(3): error A2008: syntax error : .
Test.asm(4): error A2008: syntax error : .
Test.asm(5): error A2008: syntax error : ,
Test.asm(13): error A2008: syntax error : invoke
Test.asm(15): error A2008: syntax error : main
Test.asm(15): error A2088: END directive required at end of file
C:\Program Files\Microsoft Visual Studio\2022\Community\MSBuild\Microsoft\VC\v170\BuildCustomizations\masm.targets(70,5): error MSB3721: The command "ml64.exe /c /nologo /Zi /Fo"x64\Debug\Test.obj" /W3 /errorReport:prompt  /TaTest.asm" exited with code 1.
