  Assembling Task1.asm...
Task1.asm(1): error A2044: invalid character in file
Task1.asm(3): error A2013: .MODEL must precede this directive
Task1.asm(4): error A2034: must be in segment block
Task1.asm(5): error A2034: must be in segment block
Task1.asm(6): error A2034: must be in segment block
Task1.asm(7): error A2034: must be in segment block
Task1.asm(8): error A2034: must be in segment block
Task1.asm(10): error A2013: .MODEL must precede this directive
Task1.asm(11): error A2034: must be in segment block : main
Task1.asm(12): error A2034: must be in segment block
Task1.asm(15): error A2034: must be in segment block
Task1.asm(16): error A2034: must be in segment block
Task1.asm(17): error A2034: must be in segment block
Task1.asm(18): error A2034: must be in segment block
Task1.asm(21): error A2034: must be in segment block
Task1.asm(24): error A2034: must be in segment block
Task1.asm(25): error A2034: must be in segment block
Task1.asm(28): error A2034: must be in segment block
Task1.asm(29): error A2034: must be in segment block
Task1.asm(30): error A2034: must be in segment block
Task1.asm(31): error A2034: must be in segment block
Task1.asm(33): error A2008: syntax error : exit
Task1.asm(34): fatal error A1010: unmatched block nesting : main
C:\Program Files\Microsoft Visual Studio\2022\Community\MSBuild\Microsoft\VC\v170\BuildCustomizations\masm.targets(70,5): error MSB3721: The command "ml.exe /c /nologo /Zi /Fo"Debug\Task1.obj" /I "C:\Irvine" /W3 /errorReport:prompt  /TaTask1.asm" exited with code 1.
